<?xml version="1.0" encoding="UTF-8"?>
<!-- Generated by org.testng.reporters.JUnitReportReporter -->
<testsuite hostname="LAPTOP-PPRL0JMD" name="eample.NewTest" tests="1" failures="0" timestamp="16 Apr 2019 17:37:34 GMT" time="4.403" errors="0">
  <testcase name="testEasy" time="4.403" classname="eample.NewTest"/>
</testsuite> <!-- eample.NewTest -->
